2020.09.04 00:56:56 INFO  started: Metals version 0.9.3 in workspace 'C:\Users\zhouyang0627\Desktop\blog-md' for client vscode.
2020.09.04 00:56:57 INFO  time: initialize in 0.87s
2020.09.04 00:56:59 WARN  no build tool detected in workspace 'C:\Users\zhouyang0627\Desktop\blog-md'. The most common cause for this problem is that the editor was opened in the wrong working directory, for example if you use sbt then the workspace directory should contain build.sbt. 
2020.09.04 19:28:39 INFO  shutting down Metals
2020.10.14 14:10:57 INFO  started: Metals version 0.9.4 in workspace 'C:\Users\zhouyang0627\Desktop\blog-md' for client vscode.
2020.10.14 14:10:57 INFO  time: initialize in 0.46s
2020.10.14 14:10:58 WARN  no build tool detected in workspace 'C:\Users\zhouyang0627\Desktop\blog-md'. The most common cause for this problem is that the editor was opened in the wrong working directory, for example if you use sbt then the workspace directory should contain build.sbt. 
2020.10.23 10:07:21 INFO  started: Metals version 0.9.4 in workspace 'C:\Users\zhouyang0627\Desktop\blog-md' for client vscode.
2020.10.23 10:07:22 INFO  time: initialize in 0.95s
2020.10.23 10:07:28 WARN  no build tool detected in workspace 'C:\Users\zhouyang0627\Desktop\blog-md'. The most common cause for this problem is that the editor was opened in the wrong working directory, for example if you use sbt then the workspace directory should contain build.sbt. 
2020.10.23 10:07:28 INFO  shutting down Metals
2020.10.23 10:09:24 INFO  started: Metals version 0.9.4 in workspace 'C:\Users\zhouyang0627\Desktop\blog-md' for client vscode.
2020.10.23 10:09:25 INFO  time: initialize in 1.08s
2020.10.23 10:09:26 WARN  no build tool detected in workspace 'C:\Users\zhouyang0627\Desktop\blog-md'. The most common cause for this problem is that the editor was opened in the wrong working directory, for example if you use sbt then the workspace directory should contain build.sbt. 
2020.10.24 11:34:35 INFO  started: Metals version 0.9.4 in workspace 'C:\Users\zhouyang0627\Desktop\blog-md' for client vscode.
2020.10.24 11:34:36 INFO  time: initialize in 0.75s
2020.10.24 11:34:41 WARN  no build tool detected in workspace 'C:\Users\zhouyang0627\Desktop\blog-md'. The most common cause for this problem is that the editor was opened in the wrong working directory, for example if you use sbt then the workspace directory should contain build.sbt. 
2020.10.26 15:21:45 INFO  started: Metals version 0.9.4 in workspace 'C:\Users\zhouyang0627\Desktop\blog-md' for client vscode.
2020.10.26 15:21:47 INFO  time: initialize in 1.59s
2020.10.26 15:21:52 WARN  no build tool detected in workspace 'C:\Users\zhouyang0627\Desktop\blog-md'. The most common cause for this problem is that the editor was opened in the wrong working directory, for example if you use sbt then the workspace directory should contain build.sbt. 
2020.xx.xx 10:46:12 INFO  started: Metals version 0.9.4 in workspace 'C:\Users\zhouyang0627\Desktop\blog-md' for client vscode.
2020.xx.xx 10:46:13 INFO  time: initialize in 1.29s
2020.xx.xx 10:46:19 WARN  no build tool detected in workspace 'C:\Users\zhouyang0627\Desktop\blog-md'. The most common cause for this problem is that the editor was opened in the wrong working directory, for example if you use sbt then the workspace directory should contain build.sbt. 
2020.10.28 10:04:36 INFO  shutting down Metals
2020.10.28 15:00:53 INFO  started: Metals version 0.9.4 in workspace 'C:\Users\zhouyang0627\Desktop\blog-md' for client vscode.
2020.10.28 15:00:54 INFO  time: initialize in 1.07s
2020.10.28 15:00:55 WARN  no build tool detected in workspace 'C:\Users\zhouyang0627\Desktop\blog-md'. The most common cause for this problem is that the editor was opened in the wrong working directory, for example if you use sbt then the workspace directory should contain build.sbt. 
2020.10.29 10:48:28 INFO  started: Metals version 0.9.4 in workspace 'C:\Users\zhouyang0627\Desktop\blog-md' for client vscode.
2020.10.29 10:48:29 INFO  time: initialize in 0.7s
2020.10.29 10:48:34 WARN  no build tool detected in workspace 'C:\Users\zhouyang0627\Desktop\blog-md'. The most common cause for this problem is that the editor was opened in the wrong working directory, for example if you use sbt then the workspace directory should contain build.sbt. 
2020.10.30 12:52:45 INFO  started: Metals version 0.9.4 in workspace 'C:\Users\zhouyang0627\Desktop\blog-md' for client vscode.
2020.10.30 12:52:46 INFO  time: initialize in 1s
2020.10.30 12:52:51 WARN  no build tool detected in workspace 'C:\Users\zhouyang0627\Desktop\blog-md'. The most common cause for this problem is that the editor was opened in the wrong working directory, for example if you use sbt then the workspace directory should contain build.sbt. 
2020.10.31 13:20:19 INFO  started: Metals version 0.9.4 in workspace 'C:\Users\zhouyang0627\Desktop\blog-md' for client vscode.
2020.10.31 13:20:20 INFO  time: initialize in 0.55s
2020.10.31 13:20:24 WARN  no build tool detected in workspace 'C:\Users\zhouyang0627\Desktop\blog-md'. The most common cause for this problem is that the editor was opened in the wrong working directory, for example if you use sbt then the workspace directory should contain build.sbt. 
2020.10.31 19:07:20 INFO  shutting down Metals
2020.11.02 10:30:00 INFO  started: Metals version 0.9.4 in workspace 'C:\Users\zhouyang0627\Desktop\blog-md' for client vscode.
2020.11.02 10:30:01 INFO  time: initialize in 0.64s
2020.11.02 10:30:01 WARN  no build tool detected in workspace 'C:\Users\zhouyang0627\Desktop\blog-md'. The most common cause for this problem is that the editor was opened in the wrong working directory, for example if you use sbt then the workspace directory should contain build.sbt. 
2020.11.03 10:30:14 INFO  started: Metals version 0.9.4 in workspace 'C:\Users\zhouyang0627\Desktop\blog-md' for client vscode.
2020.11.03 10:30:15 INFO  time: initialize in 1.07s
2020.11.03 10:30:20 WARN  no build tool detected in workspace 'C:\Users\zhouyang0627\Desktop\blog-md'. The most common cause for this problem is that the editor was opened in the wrong working directory, for example if you use sbt then the workspace directory should contain build.sbt. 
2020.11.03 14:37:43 INFO  started: Metals version 0.9.4 in workspace 'C:\Users\zhouyang0627\Desktop\blog-md' for client vscode.
2020.11.03 14:37:44 INFO  time: initialize in 0.75s
2020.11.03 14:37:48 WARN  no build tool detected in workspace 'C:\Users\zhouyang0627\Desktop\blog-md'. The most common cause for this problem is that the editor was opened in the wrong working directory, for example if you use sbt then the workspace directory should contain build.sbt. 
Ê®Ò»ï¿½ï¿½ 03, 2020 2:39:13 ï¿½ï¿½ï¿½ï¿½ org.eclipse.lsp4j.jsonrpc.services.GenericEndpoint notify
ï¿½ï¿½Ï¢: Unsupported notification method: $/setTraceNotification
2020.11.04 10:04:22 INFO  started: Metals version 0.9.4 in workspace 'C:\Users\zhouyang0627\Desktop\blog-md' for client vscode.
2020.11.04 10:04:23 INFO  time: initialize in 0.87s
2020.11.04 10:04:28 WARN  no build tool detected in workspace 'C:\Users\zhouyang0627\Desktop\blog-md'. The most common cause for this problem is that the editor was opened in the wrong working directory, for example if you use sbt then the workspace directory should contain build.sbt. 
2020.11.05 10:00:10 INFO  shutting down Metals
2020.11.09 14:22:02 INFO  started: Metals version 0.9.4 in workspace 'C:\Users\zhouyang0627\Desktop\blog-md' for client vscode.
2020.11.09 14:22:03 INFO  time: initialize in 1.05s
2020.11.09 14:22:05 WARN  no build tool detected in workspace 'C:\Users\zhouyang0627\Desktop\blog-md'. The most common cause for this problem is that the editor was opened in the wrong working directory, for example if you use sbt then the workspace directory should contain build.sbt. 
2020.11.10 16:46:59 INFO  started: Metals version 0.9.4 in workspace 'C:\Users\zhouyang0627\Desktop\blog-md' for client vscode.
2020.11.10 16:47:00 INFO  time: initialize in 1.06s
2020.11.10 16:47:05 WARN  no build tool detected in workspace 'C:\Users\zhouyang0627\Desktop\blog-md'. The most common cause for this problem is that the editor was opened in the wrong working directory, for example if you use sbt then the workspace directory should contain build.sbt. 
2020.11.16 15:30:34 INFO  started: Metals version 0.9.4 in workspace 'C:\Users\zhouyang0627\Desktop\blog-md' for client vscode.
2020.11.16 15:30:35 INFO  time: initialize in 1.28s
2020.11.16 15:30:41 WARN  no build tool detected in workspace 'C:\Users\zhouyang0627\Desktop\blog-md'. The most common cause for this problem is that the editor was opened in the wrong working directory, for example if you use sbt then the workspace directory should contain build.sbt. 
2020.11.17 10:11:15 INFO  Started: Metals version 0.9.5 in workspace 'C:\Users\zhouyang0627\Desktop\blog-md' for client vscode.
2020.11.17 10:11:16 INFO  time: initialize in 0.89s
2020.11.17 10:11:21 WARN  Build server is not auto-connectable.
2020.11.17 10:11:21 WARN  no build tool detected in workspace 'C:\Users\zhouyang0627\Desktop\blog-md'. The most common cause for this problem is that the editor was opened in the wrong working directory, for example if you use sbt then the workspace directory should contain build.sbt. 
2020.11.19 10:59:06 INFO  Started: Metals version 0.9.5 in workspace 'C:\Users\zhouyang0627\Desktop\blog-md' for client vscode.
2020.11.19 10:59:07 INFO  time: initialize in 0.9s
2020.11.19 10:59:12 WARN  Build server is not auto-connectable.
2020.11.19 10:59:12 WARN  no build tool detected in workspace 'C:\Users\zhouyang0627\Desktop\blog-md'. The most common cause for this problem is that the editor was opened in the wrong working directory, for example if you use sbt then the workspace directory should contain build.sbt. 
2020.11.19 11:23:50 INFO  shutting down Metals
2020.11.19 23:12:30 INFO  Started: Metals version 0.9.5 in workspace 'C:\Users\zhouyang0627\Desktop\blog-md' for client vscode.
2020.11.19 23:12:30 INFO  time: initialize in 0.48s
2020.11.19 23:12:31 WARN  Build server is not auto-connectable.
2020.11.19 23:12:31 WARN  no build tool detected in workspace 'C:\Users\zhouyang0627\Desktop\blog-md'. The most common cause for this problem is that the editor was opened in the wrong working directory, for example if you use sbt then the workspace directory should contain build.sbt. 
Ê®Ò»ï¿½ï¿½ 20, 2020 5:19:24 ï¿½ï¿½ï¿½ï¿½ org.eclipse.lsp4j.jsonrpc.services.GenericEndpoint notify
ï¿½ï¿½Ï¢: Unsupported notification method: $/setTraceNotification
Ê®Ò»ï¿½ï¿½ 20, 2020 5:19:25 ï¿½ï¿½ï¿½ï¿½ org.eclipse.lsp4j.jsonrpc.services.GenericEndpoint notify
ï¿½ï¿½Ï¢: Unsupported notification method: $/setTraceNotification
2020.11.20 17:21:22 INFO  shutting down Metals
2020.12.18 17:37:21 INFO  Started: Metals version 0.9.7 in workspace 'C:\Users\zhouyang0627\Desktop\blog-md' for client vscode.
2020.12.18 17:37:21 INFO  time: initialize in 0.68s
2020.12.18 17:37:22 WARN  Build server is not auto-connectable.
2020.12.18 17:37:22 WARN  no build tool detected in workspace 'C:\Users\zhouyang0627\Desktop\blog-md'. The most common cause for this problem is that the editor was opened in the wrong working directory, for example if you use sbt then the workspace directory should contain build.sbt. 
2020.12.21 15:16:35 INFO  Started: Metals version 0.9.7 in workspace 'C:\Users\zhouyang0627\Desktop\blog-md' for client vscode.
2020.12.21 15:16:36 INFO  time: initialize in 1.48s
2020.12.21 15:16:43 WARN  Build server is not auto-connectable.
2020.12.21 15:16:43 WARN  no build tool detected in workspace 'C:\Users\zhouyang0627\Desktop\blog-md'. The most common cause for this problem is that the editor was opened in the wrong working directory, for example if you use sbt then the workspace directory should contain build.sbt. 
Ê®¶þÔÂ 21, 2020 9:51:28 ÏÂÎç org.eclipse.lsp4j.jsonrpc.services.GenericEndpoint notify
ÐÅÏ¢: Unsupported notification method: $/setTraceNotification
2020.12.21 21:51:29 INFO  shutting down Metals
2020.12.23 15:14:12 INFO  Started: Metals version 0.9.8 in workspace 'C:\Users\zhouyang0627\Desktop\blog-md' for client vscode.
2020.12.23 15:14:13 INFO  time: initialize in 0.48s
2020.12.23 15:14:14 WARN  Build server is not auto-connectable.
2020.12.23 15:14:14 WARN  no build tool detected in workspace 'C:\Users\zhouyang0627\Desktop\blog-md'. The most common cause for this problem is that the editor was opened in the wrong working directory, for example if you use sbt then the workspace directory should contain build.sbt. 
2020.12.23 17:16:15 INFO  shutting down Metals
2020.12.24 10:30:57 INFO  Started: Metals version 0.9.8 in workspace 'C:\Users\zhouyang0627\Desktop\blog-md' for client vscode.
2020.12.24 10:30:58 INFO  time: initialize in 0.83s
2020.12.24 10:30:59 WARN  Build server is not auto-connectable.
2020.12.24 10:30:59 WARN  no build tool detected in workspace 'C:\Users\zhouyang0627\Desktop\blog-md'. The most common cause for this problem is that the editor was opened in the wrong working directory, for example if you use sbt then the workspace directory should contain build.sbt. 
2020.12.29 12:36:16 INFO  Started: Metals version 0.9.8 in workspace 'C:\Users\zhouyang0627\Desktop\blog-md' for client vscode.
2020.12.29 12:36:17 INFO  time: initialize in 1.32s
2020.12.29 12:36:23 WARN  Build server is not auto-connectable.
2020.12.29 12:36:23 WARN  no build tool detected in workspace 'C:\Users\zhouyang0627\Desktop\blog-md'. The most common cause for this problem is that the editor was opened in the wrong working directory, for example if you use sbt then the workspace directory should contain build.sbt. 
